<?xml version="1.0" encoding="UTF-8"?>
<!-- Generated by org.testng.reporters.JUnitXMLReporter -->
<testsuite hostname="Ajay" ignored="0" name="Regression1" tests="5" failures="1" timestamp="2019-10-21T21:46:38 IST" time="0.161" errors="0">
  <testcase name="testFailed" time="0.028" classname="testNG.SampleTestClasses">
    <skipped/>
  </testcase> <!-- testFailed -->
  <testcase name="testFailed" time="0.005" classname="testNG.SampleTestClasses">
    <skipped/>
  </testcase> <!-- testFailed -->
  <testcase name="testFailed" time="0.011" classname="testNG.SampleTestClasses">
    <failure type="java.lang.AssertionError" message="did not expect to find [true] but found [false]">
      <![CDATA[java.lang.AssertionError: did not expect to find [true] but found [false]
at testNG.SampleTestClasses.testFailed(SampleTestClasses.java:20)
at java.util.ArrayList.forEach(Unknown Source)
... Removed 31 stack frames]]>
    </failure>
  </testcase> <!-- testFailed -->
  <testcase name="testMayFail" time="0.003" classname="testNG.SampleTestClasses"/>
  <testcase name="testpass" time="0.005" classname="testNG.SampleTestClasses"/>
</testsuite> <!-- Regression1 -->
